0 info it worked if it ends with ok
1 verbose cli [ 'node', '/usr/local/bin/npm', 'install', '-g', 'nodemon' ]
2 info using npm@2.11.2
3 info using node@v0.12.6
4 verbose install initial load of /usr/local/lib/package.json
5 verbose readDependencies loading dependencies from /usr/local/lib/package.json
6 silly cache add args [ 'nodemon', null ]
7 verbose cache add spec nodemon
8 silly cache add parsed spec { raw: 'nodemon',
8 silly cache add   scope: null,
8 silly cache add   name: 'nodemon',
8 silly cache add   rawSpec: '',
8 silly cache add   spec: '*',
8 silly cache add   type: 'range' }
9 silly addNamed nodemon@*
10 verbose addNamed "*" is a valid semver range for nodemon
11 silly addNameRange { name: 'nodemon', range: '*', hasData: false }
12 silly mapToRegistry name nodemon
13 silly mapToRegistry using default registry
14 silly mapToRegistry registry https://registry.npmjs.org/
15 silly mapToRegistry uri https://registry.npmjs.org/nodemon
16 verbose addNameRange registry:https://registry.npmjs.org/nodemon not in flight; fetching
17 verbose request uri https://registry.npmjs.org/nodemon
18 verbose request no auth needed
19 info attempt registry request try #1 at 3:53:28 PM
20 verbose request id f14052472bb04cb6
21 verbose etag "CFPMIVRD3F975X0T1IHM3T3YH"
22 http request GET https://registry.npmjs.org/nodemon
23 http 200 https://registry.npmjs.org/nodemon
24 silly get cb [ 200,
24 silly get   { server: 'CouchDB/1.5.0 (Erlang OTP/R16B03)',
24 silly get     etag: '"4KIWN3G84L3CZVZV704W2SMPX"',
24 silly get     'content-type': 'application/json',
24 silly get     'cache-control': 'max-age=60',
24 silly get     'content-length': '148807',
24 silly get     'accept-ranges': 'bytes',
24 silly get     date: 'Tue, 21 Jul 2015 19:53:53 GMT',
24 silly get     via: '1.1 varnish',
24 silly get     age: '3',
24 silly get     connection: 'keep-alive',
24 silly get     'x-served-by': 'cache-iad2146-IAD',
24 silly get     'x-cache': 'HIT',
24 silly get     'x-cache-hits': '1',
24 silly get     'x-timer': 'S1437508433.469663,VS0,VE0',
24 silly get     vary: 'Accept' } ]
25 verbose get saving nodemon to /Users/mshpirt/.npm/registry.npmjs.org/nodemon/.cache.json
26 silly addNameRange number 2 { name: 'nodemon', range: '*', hasData: true }
27 silly addNameRange versions [ 'nodemon',
27 silly addNameRange   [ '0.1.4',
27 silly addNameRange     '0.1.5',
27 silly addNameRange     '0.1.6',
27 silly addNameRange     '0.1.7',
27 silly addNameRange     '0.1.8',
27 silly addNameRange     '0.2.0',
27 silly addNameRange     '0.2.1',
27 silly addNameRange     '0.2.2',
27 silly addNameRange     '0.3.0',
27 silly addNameRange     '0.3.1',
27 silly addNameRange     '0.3.2',
27 silly addNameRange     '0.4.0',
27 silly addNameRange     '0.4.1',
27 silly addNameRange     '0.5.0',
27 silly addNameRange     '0.5.1',
27 silly addNameRange     '0.5.2',
27 silly addNameRange     '0.5.3',
27 silly addNameRange     '0.5.4',
27 silly addNameRange     '0.5.5',
27 silly addNameRange     '0.5.6',
27 silly addNameRange     '0.5.7',
27 silly addNameRange     '0.6.0',
27 silly addNameRange     '0.6.1',
27 silly addNameRange     '0.6.2',
27 silly addNameRange     '0.6.3',
27 silly addNameRange     '0.6.4',
27 silly addNameRange     '0.6.5',
27 silly addNameRange     '0.6.6',
27 silly addNameRange     '0.6.7',
27 silly addNameRange     '0.6.8',
27 silly addNameRange     '0.6.9',
27 silly addNameRange     '0.6.10',
27 silly addNameRange     '0.6.11',
27 silly addNameRange     '0.6.12',
27 silly addNameRange     '0.6.13',
27 silly addNameRange     '0.6.14',
27 silly addNameRange     '0.6.15',
27 silly addNameRange     '0.6.16',
27 silly addNameRange     '0.6.17',
27 silly addNameRange     '0.6.18',
27 silly addNameRange     '0.6.19',
27 silly addNameRange     '0.6.20',
27 silly addNameRange     '0.6.21',
27 silly addNameRange     '0.6.22',
27 silly addNameRange     '0.6.23',
27 silly addNameRange     '0.7.0',
27 silly addNameRange     '0.7.1',
27 silly addNameRange     '0.7.2',
27 silly addNameRange     '0.7.3',
27 silly addNameRange     '0.7.4',
27 silly addNameRange     '0.7.5',
27 silly addNameRange     '0.7.6',
27 silly addNameRange     '0.7.7',
27 silly addNameRange     '0.7.8',
27 silly addNameRange     '0.7.10',
27 silly addNameRange     '0.9.0',
27 silly addNameRange     '0.9.1',
27 silly addNameRange     '0.9.2',
27 silly addNameRange     '0.9.3',
27 silly addNameRange     '0.9.5',
27 silly addNameRange     '0.9.6',
27 silly addNameRange     '0.9.7',
27 silly addNameRange     '0.9.10',
27 silly addNameRange     '0.9.11',
27 silly addNameRange     '0.9.12',
27 silly addNameRange     '0.9.14',
27 silly addNameRange     '0.9.16',
27 silly addNameRange     '0.9.17',
27 silly addNameRange     '1.0.0',
27 silly addNameRange     '1.0.1',
27 silly addNameRange     '1.0.2',
27 silly addNameRange     '1.0.2-rc',
27 silly addNameRange     '0.6.10-a',
27 silly addNameRange     '1.0.2-rc3',
27 silly addNameRange     '1.0.2-rc4',
27 silly addNameRange     '1.0.3',
27 silly addNameRange     '1.0.4',
27 silly addNameRange     '1.0.5',
27 silly addNameRange     '1.0.6',
27 silly addNameRange     '1.0.7',
27 silly addNameRange     '1.0.8',
27 silly addNameRange     '1.0.9',
27 silly addNameRange     '1.0.10',
27 silly addNameRange     '1.0.11',
27 silly addNameRange     '1.0.12',
27 silly addNameRange     '1.0.13',
27 silly addNameRange     '1.0.14',
27 silly addNameRange     '1.0.15',
27 silly addNameRange     '1.0.16',
27 silly addNameRange     '1.0.17-rc1',
27 silly addNameRange     '1.0.17-rc2',
27 silly addNameRange     '1.0.17',
27 silly addNameRange     '1.0.18',
27 silly addNameRange     '1.0.19',
27 silly addNameRange     '1.0.20',
27 silly addNameRange     '1.1.0-alpha',
27 silly addNameRange     '1.1.0',
27 silly addNameRange     '1.1.1',
27 silly addNameRange     '1.2.0',
27 silly addNameRange     '1.2.1',
27 silly addNameRange     '1.3.0-0',
27 silly addNameRange     '1.3.0-1',
27 silly addNameRange     '1.3.0-2',
27 silly addNameRange     '1.3.0-3',
27 silly addNameRange     '1.3.0-4',
27 silly addNameRange     '1.3.0-5',
27 silly addNameRange     '1.3.0-6',
27 silly addNameRange     '1.3.0-7',
27 silly addNameRange     '1.3.0',
27 silly addNameRange     '1.3.1',
27 silly addNameRange     '1.3.2',
27 silly addNameRange     '1.3.3',
27 silly addNameRange     '1.3.5',
27 silly addNameRange     '1.3.6',
27 silly addNameRange     '1.3.7',
27 silly addNameRange     '1.3.8' ] ]
28 silly addNamed nodemon@1.3.8
29 verbose addNamed "1.3.8" is a plain semver version for nodemon
30 silly mapToRegistry name nodemon
31 silly mapToRegistry using default registry
32 silly mapToRegistry registry https://registry.npmjs.org/
33 silly mapToRegistry uri https://registry.npmjs.org/nodemon
34 verbose addRemoteTarball https://registry.npmjs.org/nodemon/-/nodemon-1.3.8.tgz not in flight; adding
35 verbose addRemoteTarball [ 'https://registry.npmjs.org/nodemon/-/nodemon-1.3.8.tgz',
35 verbose addRemoteTarball   '40723a96278edeaac48205a1c570cbf4070a6a8e' ]
36 info retry fetch attempt 1 at 3:53:30 PM
37 info attempt registry request try #1 at 3:53:30 PM
38 http fetch GET https://registry.npmjs.org/nodemon/-/nodemon-1.3.8.tgz
39 http fetch 200 https://registry.npmjs.org/nodemon/-/nodemon-1.3.8.tgz
40 silly fetchAndShaCheck shasum 40723a96278edeaac48205a1c570cbf4070a6a8e
41 verbose addTmpTarball /var/folders/lw/3rxkmf752f7cylr09r4nxdw80000gr/T/npm-84849-97b25b84/registry.npmjs.org/nodemon/-/nodemon-1.3.8.tgz not in flight; adding
42 verbose addTmpTarball already have metadata; skipping unpack for nodemon@1.3.8
43 silly cache afterAdd nodemon@1.3.8
44 verbose afterAdd /Users/mshpirt/.npm/nodemon/1.3.8/package/package.json not in flight; writing
45 verbose afterAdd /Users/mshpirt/.npm/nodemon/1.3.8/package/package.json written
46 silly install resolved [ { name: 'nodemon',
46 silly install resolved     homepage: 'http://nodemon.io',
46 silly install resolved     author: { name: 'Remy Sharp', url: 'http://github.com/remy' },
46 silly install resolved     bin: { nodemon: './bin/nodemon.js' },
46 silly install resolved     engines: { node: '>=0.8' },
46 silly install resolved     repository: { type: 'git', url: 'http://github.com/remy/nodemon.git' },
46 silly install resolved     description: 'Simple monitor script for use during development of a node.js app.',
46 silly install resolved     keywords:
46 silly install resolved      [ 'monitor',
46 silly install resolved        'development',
46 silly install resolved        'restart',
46 silly install resolved        'autoload',
46 silly install resolved        'reload',
46 silly install resolved        'terminal' ],
46 silly install resolved     version: '1.3.8',
46 silly install resolved     preferGlobal: 'true',
46 silly install resolved     license: 'MIT',
46 silly install resolved     main: './lib/nodemon',
46 silly install resolved     scripts:
46 silly install resolved      { coverage: 'istanbul cover _mocha -- --timeout 30000 --ui bdd --reporter list test/**/*.test.js',
46 silly install resolved        ':test': 'mocha --timeout 30000 --ui bdd test/**/*.test.js',
46 silly install resolved        test: 'for FILE in test/**/*.test.js; do echo $FILE; ./node_modules/.bin/mocha --timeout 30000 $FILE; if [ $? -ne 0 ]; then exit 1; fi; sleep 1; done',
46 silly install resolved        web: 'node web' },
46 silly install resolved     devDependencies:
46 silly install resolved      { 'coffee-script': '~1.7.1',
46 silly install resolved        connect: '~2.19.1',
46 silly install resolved        istanbul: '~0.2.10',
46 silly install resolved        mocha: '^2.0.1',
46 silly install resolved        should: '~4.0.0' },
46 silly install resolved     dependencies:
46 silly install resolved      { minimatch: '~0.3.0',
46 silly install resolved        'ps-tree': '~0.0.3',
46 silly install resolved        touch: '~0.0.3',
46 silly install resolved        'update-notifier': '^0.3.0' },
46 silly install resolved     gitHead: '698dc26aacc4c4759abdc5cb9dd3c8588d0cac5c',
46 silly install resolved     bugs: { url: 'https://github.com/remy/nodemon/issues' },
46 silly install resolved     _id: 'nodemon@1.3.8',
46 silly install resolved     _shasum: '40723a96278edeaac48205a1c570cbf4070a6a8e',
46 silly install resolved     _from: 'nodemon@*',
46 silly install resolved     _npmVersion: '1.4.28',
46 silly install resolved     _npmUser: { name: 'remy', email: 'remy@remysharp.com' },
46 silly install resolved     maintainers: [ [Object] ],
46 silly install resolved     dist:
46 silly install resolved      { shasum: '40723a96278edeaac48205a1c570cbf4070a6a8e',
46 silly install resolved        tarball: 'http://registry.npmjs.org/nodemon/-/nodemon-1.3.8.tgz' },
46 silly install resolved     directories: {},
46 silly install resolved     _resolved: 'https://registry.npmjs.org/nodemon/-/nodemon-1.3.8.tgz' } ]
47 info install nodemon@1.3.8 into /usr/local/lib
48 info installOne nodemon@1.3.8
49 verbose installOne of nodemon to /usr/local/lib not in flight; installing
50 verbose lock using /Users/mshpirt/.npm/_locks/nodemon-49f7ed19e778991e.lock for /usr/local/lib/node_modules/nodemon
51 silly install write writing nodemon 1.3.8 to /usr/local/lib/node_modules/nodemon
52 verbose unbuild lib/node_modules/nodemon
53 info preuninstall nodemon@1.3.7
54 info uninstall nodemon@1.3.7
55 verbose unbuild rmStuff nodemon@1.3.7 from /usr/local/lib/node_modules
56 silly gentlyRm /usr/local/bin/nodemon is being gently removed
57 silly gentlyRm verifying /usr/local is an npm working directory
58 silly gentlyRm containing path /usr/local is under npm's control, in /usr/local
59 silly gentlyRm deletion target /usr/local/bin/nodemon is under /usr/local
60 verbose gentlyRm vacuuming from /usr/local/bin/nodemon up to /usr/local
61 silly vacuum-fs removing /usr/local/bin/nodemon
62 verbose unlock done using /Users/mshpirt/.npm/_locks/nodemon-49f7ed19e778991e.lock for /usr/local/lib/node_modules/nodemon
63 verbose stack Error: EACCES, unlink '/usr/local/bin/nodemon'
63 verbose stack     at Error (native)
64 verbose cwd /Users/mshpirt/loadtest
65 error Darwin 13.4.0
66 error argv "node" "/usr/local/bin/npm" "install" "-g" "nodemon"
67 error node v0.12.6
68 error npm  v2.11.2
69 error path /usr/local/bin/nodemon
70 error code EACCES
71 error errno -13
72 error Error: EACCES, unlink '/usr/local/bin/nodemon'
72 error     at Error (native)
72 error  { [Error: EACCES, unlink '/usr/local/bin/nodemon'] errno: -13, code: 'EACCES', path: '/usr/local/bin/nodemon' }
73 error Please try running this command again as root/Administrator.
74 verbose exit [ -13, true ]
75 verbose unbuild lib/node_modules/nodemon
76 info preuninstall nodemon@1.3.7
77 info uninstall nodemon@1.3.7
78 verbose unbuild rmStuff nodemon@1.3.7 from /usr/local/lib/node_modules
79 silly gentlyRm /usr/local/bin/nodemon is being gently removed
80 silly gentlyRm verifying /usr/local is an npm working directory
81 silly gentlyRm containing path /usr/local is under npm's control, in /usr/local
82 silly gentlyRm deletion target /usr/local/bin/nodemon is under /usr/local
83 verbose gentlyRm vacuuming from /usr/local/bin/nodemon up to /usr/local
84 silly vacuum-fs removing /usr/local/bin/nodemon
85 error error rolling back Error: EACCES, unlink '/usr/local/bin/nodemon'
85 error error rolling back     at Error (native)
85 error error rolling back  { [Error: EACCES, unlink '/usr/local/bin/nodemon'] errno: -13, code: 'EACCES', path: '/usr/local/bin/nodemon' }
